<?xml version="1.0" encoding="UTF-8"?>
<!-- Generated by org.testng.reporters.JUnitXMLReporter -->
<testsuite ignored="0" hostname="Ashok" failures="0" tests="3" name="Default test" time="0.045" errors="0" timestamp="2024-09-30T13:06:59 IST">
  <testcase classname="pratice.reports.ExtentReportsSampleTest" name="contactWithOrgTest" time="0.01"/>
  <testcase classname="pratice.reports.ExtentReportsSampleTest" name="createContactTest" time="0.002"/>
  <testcase classname="pratice.reports.ExtentReportsSampleTest" name="createContactWithDateTest" time="0.003"/>
</testsuite> <!-- Default test -->
