<?xml version="1.0" encoding="UTF-8"?>
<testng-results ignored="0" total="1" passed="1" failed="0" skipped="0">
  <reporter-output>
  </reporter-output>
  <suite started-at="2024-08-27T09:22:55 IST" name="Surefire suite" finished-at="2024-08-27T09:23:44 IST" duration-ms="49502">
    <groups>
    </groups>
    <test started-at="2024-08-27T09:22:55 IST" name="Surefire test" finished-at="2024-08-27T09:23:44 IST" duration-ms="49502">
      <class name="pratice.datadriventesting.ReadRunTimeMvnArgumentsCreateOrg">
        <test-method signature="createOrg()[pri:0, instance:pratice.datadriventesting.ReadRunTimeMvnArgumentsCreateOrg@124c278f]" started-at="2024-08-27T09:22:55 IST" name="createOrg" finished-at="2024-08-27T09:23:44 IST" duration-ms="49463" status="PASS">
          <reporter-output>
          </reporter-output>
        </test-method> <!-- createOrg -->
      </class> <!-- pratice.datadriventesting.ReadRunTimeMvnArgumentsCreateOrg -->
    </test> <!-- Surefire test -->
  </suite> <!-- Surefire suite -->
</testng-results>
