<?xml version="1.0" encoding="UTF-8"?>
<testng-results ignored="0" total="3" passed="3" failed="0" skipped="0">
  <reporter-output>
  </reporter-output>
  <suite started-at="2024-09-30T13:06:59 IST" name="Default suite" finished-at="2024-09-30T13:06:59 IST" duration-ms="45">
    <groups>
    </groups>
    <test started-at="2024-09-30T13:06:59 IST" name="Default test" finished-at="2024-09-30T13:06:59 IST" duration-ms="45">
      <class name="pratice.reports.ExtentReportsSampleTest">
        <test-method is-config="true" signature="configBS()[pri:0, instance:pratice.reports.ExtentReportsSampleTest@1ca3b418]" started-at="2024-09-30T13:06:59 IST" name="configBS" finished-at="2024-09-30T13:06:59 IST" duration-ms="245" status="PASS">
          <reporter-output>
          </reporter-output>
        </test-method> <!-- configBS -->
        <test-method signature="contactWithOrgTest()[pri:0, instance:pratice.reports.ExtentReportsSampleTest@1ca3b418]" started-at="2024-09-30T13:06:59 IST" name="contactWithOrgTest" finished-at="2024-09-30T13:06:59 IST" duration-ms="10" status="PASS">
          <reporter-output>
          </reporter-output>
        </test-method> <!-- contactWithOrgTest -->
        <test-method signature="createContactTest()[pri:0, instance:pratice.reports.ExtentReportsSampleTest@1ca3b418]" started-at="2024-09-30T13:06:59 IST" name="createContactTest" finished-at="2024-09-30T13:06:59 IST" duration-ms="2" status="PASS">
          <reporter-output>
          </reporter-output>
        </test-method> <!-- createContactTest -->
        <test-method signature="createContactWithDateTest()[pri:0, instance:pratice.reports.ExtentReportsSampleTest@1ca3b418]" started-at="2024-09-30T13:06:59 IST" name="createContactWithDateTest" finished-at="2024-09-30T13:06:59 IST" duration-ms="3" status="PASS">
          <reporter-output>
          </reporter-output>
        </test-method> <!-- createContactWithDateTest -->
        <test-method is-config="true" signature="tearDownSuite()[pri:0, instance:pratice.reports.ExtentReportsSampleTest@1ca3b418]" started-at="2024-09-30T13:06:59 IST" name="tearDownSuite" finished-at="2024-09-30T13:06:59 IST" duration-ms="249" status="PASS">
          <reporter-output>
          </reporter-output>
        </test-method> <!-- tearDownSuite -->
      </class> <!-- pratice.reports.ExtentReportsSampleTest -->
    </test> <!-- Default test -->
  </suite> <!-- Default suite -->
</testng-results>
