<?xml version="1.0" encoding="UTF-8"?>
<testng-results ignored="0" total="1" passed="1" failed="0" skipped="0">
  <reporter-output>
  </reporter-output>
  <suite started-at="2025-01-30T16:33:20 IST" name="Default suite" finished-at="2025-01-30T16:33:31 IST" duration-ms="10452">
    <groups>
    </groups>
    <test started-at="2025-01-30T16:33:20 IST" name="Default test" finished-at="2025-01-30T16:33:31 IST" duration-ms="10452">
      <class name="pratice.testng.FetchingDataRankWise">
        <test-method signature="rankData()[pri:0, instance:pratice.testng.FetchingDataRankWise@6302bbb1]" started-at="2025-01-30T16:33:20 IST" name="rankData" finished-at="2025-01-30T16:33:31 IST" duration-ms="10404" status="PASS">
          <reporter-output>
          </reporter-output>
        </test-method> <!-- rankData -->
      </class> <!-- pratice.testng.FetchingDataRankWise -->
    </test> <!-- Default test -->
  </suite> <!-- Default suite -->
</testng-results>
