<?xml version="1.0" encoding="UTF-8"?>
<!-- Generated by org.testng.reporters.JUnitReportReporter -->
<testsuite hostname="Ashok" failures="0" tests="3" name="pratice.testng.DataProviderSimpleProgram" time="0.015" errors="0" timestamp="2025-01-09T11:29:45 IST" skipped="0">
  <testcase classname="pratice.testng.DataProviderSimpleProgram" name="sampleTest" time="0.009"/>
  <testcase classname="pratice.testng.DataProviderSimpleProgram" name="sampleTest" time="0.002"/>
  <testcase classname="pratice.testng.DataProviderSimpleProgram" name="sampleTest" time="0.004"/>
</testsuite> <!-- pratice.testng.DataProviderSimpleProgram -->
