<?xml version="1.0" encoding="UTF-8"?>
<!-- Generated by org.testng.reporters.JUnitReportReporter -->
<testsuite hostname="Ashok" failures="0" tests="3" name="pratice.reports.ExtentReportsSampleTest" time="0.015" errors="0" timestamp="2024-09-30T13:07:00 IST" skipped="0">
  <testcase classname="pratice.reports.ExtentReportsSampleTest" name="createContactWithDateTest" time="0.003"/>
  <testcase classname="pratice.reports.ExtentReportsSampleTest" name="contactWithOrgTest" time="0.010"/>
  <testcase classname="pratice.reports.ExtentReportsSampleTest" name="createContactTest" time="0.002"/>
</testsuite> <!-- pratice.reports.ExtentReportsSampleTest -->
