<?xml version="1.0" encoding="UTF-8"?>
<!-- Generated by org.testng.reporters.JUnitReportReporter -->
<testsuite hostname="Ashok" failures="0" tests="1" name="pratice.testng.RepoterLogProgram" time="0.012" errors="0" timestamp="2024-09-20T17:55:05 IST" skipped="0">
  <testcase classname="pratice.testng.RepoterLogProgram" name="demoTest" time="0.012">
    <system-out>
      <![CDATA[demoTest
Test2
Test3
Test4
Test5]]>
    </system-out>
  </testcase> <!-- demoTest -->
  <system-out>
    <![CDATA[demoTest
Test2
Test3
Test4
Test5]]>
  </system-out>
</testsuite> <!-- pratice.testng.RepoterLogProgram -->
