<?xml version="1.0" encoding="UTF-8"?>
<!-- Generated by org.testng.reporters.JUnitReportReporter -->
<testsuite hostname="Ashok" failures="0" tests="3" name="pratice.testng.AmazonDataProviderProgram" time="31.750" errors="0" timestamp="2024-09-13T16:02:41 IST" skipped="0">
  <testcase classname="pratice.testng.AmazonDataProviderProgram" name="fetchMobilePrice" time="7.760"/>
  <testcase classname="pratice.testng.AmazonDataProviderProgram" name="fetchMobilePrice" time="17.144"/>
  <testcase classname="pratice.testng.AmazonDataProviderProgram" name="fetchMobilePrice" time="6.846"/>
</testsuite> <!-- pratice.testng.AmazonDataProviderProgram -->
